<?xml version="1.0" encoding="UTF-8"?>
<!-- Generated by org.testng.reporters.JUnitReportReporter -->
<testsuite hostname="SHUBHAM-PC" failures="0" tests="3" name="TestNG.example10_grouping1" time="0.020" errors="0" timestamp="2023-06-16T10:28:01 PDT" skipped="0">
  <testcase classname="TestNG.example10_grouping1" name="TC3" time="0.002"/>
  <system-out>
    <![CDATA[--running TC3--]]>
  </system-out>
  <testcase classname="TestNG.example10_grouping1" name="TC2" time="0.003"/>
  <system-out>
    <![CDATA[--running TC2--]]>
  </system-out>
  <testcase classname="TestNG.example10_grouping1" name="TC1" time="0.015"/>
  <system-out>
    <![CDATA[--running TC1--]]>
  </system-out>
</testsuite> <!-- TestNG.example10_grouping1 -->
