<?xml version="1.0" encoding="UTF-8"?>
<!-- Generated by org.testng.reporters.JUnitReportReporter -->
<testsuite hostname="SHUBHAM-PC" failures="0" tests="3" name="TestNG.Exa3" time="0.021" errors="0" timestamp="2023-06-06T03:45:19 PDT" skipped="0">
  <testcase classname="TestNG.Exa3" name="m5" time="0.003"/>
  <system-out>
    <![CDATA[running TC1 In M5]]>
  </system-out>
  <testcase classname="TestNG.Exa3" name="m3" time="0.016"/>
  <system-out>
    <![CDATA[running TC1 In M3]]>
  </system-out>
  <testcase classname="TestNG.Exa3" name="m4" time="0.002"/>
  <system-out>
    <![CDATA[running TC1 In M4]]>
  </system-out>
</testsuite> <!-- TestNG.Exa3 -->
