<?xml version="1.0" encoding="UTF-8"?>
<!-- Generated by org.testng.reporters.JUnitReportReporter -->
<testsuite hostname="SHUBHAM-PC" failures="0" tests="3" name="TestNG.Exa9_DisabledTestExecution_From_TestSuite" time="0.025" errors="0" timestamp="2023-06-16T04:00:35 PDT" skipped="0">
  <testcase classname="TestNG.Exa9_DisabledTestExecution_From_TestSuite" name="Tc5" time="0.003"/>
  <system-out>
    <![CDATA[running TC5]]>
  </system-out>
  <testcase classname="TestNG.Exa9_DisabledTestExecution_From_TestSuite" name="Tc4" time="0.006"/>
  <system-out>
    <![CDATA[running TC4]]>
  </system-out>
  <testcase classname="TestNG.Exa9_DisabledTestExecution_From_TestSuite" name="Tc3" time="0.016"/>
  <system-out>
    <![CDATA[running TC3]]>
  </system-out>
</testsuite> <!-- TestNG.Exa9_DisabledTestExecution_From_TestSuite -->
