<?xml version="1.0" encoding="UTF-8"?>
<!-- Generated by org.testng.reporters.JUnitReportReporter -->
<testsuite hostname="SHUBHAM-PC" failures="0" tests="1" name="TestNG.POM_With_DDF_TestClass_TestNG" time="88.525" errors="0" timestamp="2023-06-06T04:04:52 PDT" skipped="0">
  <testcase classname="TestNG.POM_With_DDF_TestClass_TestNG" name="first_tc" time="88.525"/>
  <system-out>
    <![CDATA[First TC pass]]>
  </system-out>
</testsuite> <!-- TestNG.POM_With_DDF_TestClass_TestNG -->
