<?xml version="1.0" encoding="UTF-8"?>
<!-- Generated by org.testng.reporters.JUnitReportReporter -->
<testsuite hostname="SHUBHAM-PC" failures="0" tests="2" name="TestNG.Exa4_Keywords_dependsOnMethods" time="0.015" errors="0" timestamp="2023-06-11T01:32:29 PDT" skipped="0">
  <testcase classname="TestNG.Exa4_Keywords_dependsOnMethods" name="logout" time="0.000"/>
  <system-out>
    <![CDATA[running tc logout]]>
  </system-out>
  <testcase classname="TestNG.Exa4_Keywords_dependsOnMethods" name="login" time="0.015"/>
  <system-out>
    <![CDATA[running tc login]]>
  </system-out>
</testsuite> <!-- TestNG.Exa4_Keywords_dependsOnMethods -->
