<?xml version="1.0" encoding="UTF-8"?>
<!-- Generated by org.testng.reporters.JUnitReportReporter -->
<testsuite hostname="SHUBHAM-PC" failures="0" tests="3" name="TestNG.example10_grouping2" time="0.018" errors="0" timestamp="2023-06-16T10:28:01 PDT" skipped="0">
  <testcase classname="TestNG.example10_grouping2" name="TC2" time="0.007"/>
  <system-out>
    <![CDATA[--running TC2--]]>
  </system-out>
  <testcase classname="TestNG.example10_grouping2" name="TC1" time="0.006"/>
  <system-out>
    <![CDATA[--running TC1--]]>
  </system-out>
  <testcase classname="TestNG.example10_grouping2" name="TC3" time="0.005"/>
  <system-out>
    <![CDATA[--running TC3--]]>
  </system-out>
</testsuite> <!-- TestNG.example10_grouping2 -->
