<?xml version="1.0" encoding="UTF-8"?>
<!-- Generated by org.testng.reporters.JUnitReportReporter -->
<testsuite hostname="SHUBHAM-PC" failures="0" tests="1" name="TestNG.Exa12_multibrowsertesting" time="34.033" errors="0" timestamp="2023-06-18T03:53:28 PDT" skipped="0">
  <testcase classname="TestNG.Exa12_multibrowsertesting" name="Tc1" time="34.033"/>
  <system-out/>
</testsuite> <!-- TestNG.Exa12_multibrowsertesting -->
