<?xml version="1.0" encoding="UTF-8"?>
<!-- Generated by org.testng.reporters.JUnitReportReporter -->
<testsuite hostname="SHUBHAM-PC" failures="0" tests="4" name="TestNG.Exa2_Keywords_Priority2" time="0.030" errors="0" timestamp="2023-06-11T01:40:22 PDT" skipped="0">
  <testcase classname="TestNG.Exa2_Keywords_Priority2" name="TC1" time="0.015"/>
  <system-out>
    <![CDATA[-running Tc1--]]>
  </system-out>
  <testcase classname="TestNG.Exa2_Keywords_Priority2" name="TC4" time="0.000"/>
  <system-out>
    <![CDATA[-running Tc4--]]>
  </system-out>
  <testcase classname="TestNG.Exa2_Keywords_Priority2" name="TC3" time="0.015"/>
  <system-out>
    <![CDATA[-running Tc3--]]>
  </system-out>
  <testcase classname="TestNG.Exa2_Keywords_Priority2" name="TC2" time="0.000"/>
  <system-out>
    <![CDATA[-running Tc2--]]>
  </system-out>
</testsuite> <!-- TestNG.Exa2_Keywords_Priority2 -->
