<?xml version="1.0" encoding="UTF-8"?>
<!-- Generated by org.testng.reporters.JUnitReportReporter -->
<testsuite hostname="SHUBHAM-PC" failures="0" tests="1" name="POM_DDF_TestNG.Test_POM_DDF_TestNG" time="21.337" errors="0" timestamp="2023-06-19T04:29:02 PDT" skipped="0">
  <testcase classname="POM_DDF_TestNG.Test_POM_DDF_TestNG" name="VerifyFullName" time="21.337"/>
  <system-out/>
</testsuite> <!-- POM_DDF_TestNG.Test_POM_DDF_TestNG -->
