<?xml version="1.0" encoding="UTF-8"?>
<!-- Generated by org.testng.reporters.JUnitReportReporter -->
<testsuite hostname="SHUBHAM-PC" failures="0" tests="1" name="TestNG.Exa11_parellel_Execution1" time="28.927" errors="0" timestamp="2023-06-16T10:56:31 PDT" skipped="0">
  <testcase classname="TestNG.Exa11_parellel_Execution1" name="openFacebookApp" time="28.927"/>
  <system-out/>
</testsuite> <!-- TestNG.Exa11_parellel_Execution1 -->
