<?xml version="1.0" encoding="UTF-8"?>
<!-- Generated by org.testng.reporters.JUnitReportReporter -->
<testsuite hostname="SHUBHAM-PC" failures="0" tests="1" name="TestNG.Exa5_Keywords_Timeouts" time="3.035" errors="0" timestamp="2023-06-11T01:55:03 PDT" skipped="0">
  <testcase classname="TestNG.Exa5_Keywords_Timeouts" name="TC1" time="3.035"/>
  <system-out>
    <![CDATA[running Tc1]]>
  </system-out>
</testsuite> <!-- TestNG.Exa5_Keywords_Timeouts -->
