<?xml version="1.0" encoding="UTF-8"?>
<!-- Generated by org.testng.reporters.JUnitReportReporter -->
<testsuite hostname="SHUBHAM-PC" failures="0" tests="1" name="TestNG.EXA1" time="0.022" errors="0" timestamp="2023-06-06T03:32:22 PDT" skipped="0">
  <testcase classname="TestNG.EXA1" name="m1" time="0.022"/>
  <system-out/>
</testsuite> <!-- TestNG.EXA1 -->
