<?xml version="1.0" encoding="UTF-8"?>
<!-- Generated by org.testng.reporters.JUnitReportReporter -->
<testsuite hostname="SHUBHAM-PC" failures="0" tests="1" name="TestNG.TestPBloginPageWithTestNG" time="41.764" errors="0" timestamp="2023-06-06T03:57:48 PDT" skipped="0">
  <testcase classname="TestNG.TestPBloginPageWithTestNG" name="m1" time="41.764"/>
  <system-out>
    <![CDATA[PBLoginPage signIn Pass]]>
  </system-out>
</testsuite> <!-- TestNG.TestPBloginPageWithTestNG -->
