<?xml version="1.0" encoding="UTF-8"?>
<!-- Generated by org.testng.reporters.JUnitReportReporter -->
<testsuite hostname="SHUBHAM-PC" failures="0" tests="3" name="TestNG.Exa1_Keywords_invocation" time="0.028" errors="0" timestamp="2023-06-07T04:56:17 PDT" skipped="0">
  <testcase classname="TestNG.Exa1_Keywords_invocation" name="TC1" time="0.005"/>
  <system-out>
    <![CDATA[--running TC1---]]>
  </system-out>
  <testcase classname="TestNG.Exa1_Keywords_invocation" name="TC1" time="0.004"/>
  <system-out>
    <![CDATA[--running TC1---]]>
  </system-out>
  <testcase classname="TestNG.Exa1_Keywords_invocation" name="TC1" time="0.019"/>
  <system-out>
    <![CDATA[--running TC1---]]>
  </system-out>
</testsuite> <!-- TestNG.Exa1_Keywords_invocation -->
