<?xml version="1.0" encoding="UTF-8"?>
<!-- Generated by org.testng.reporters.JUnitReportReporter -->
<testsuite hostname="SHUBHAM-PC" failures="0" tests="2" name="TestNG.Annotation_3" time="0.011" errors="0" timestamp="2023-06-07T04:26:58 PDT" skipped="0">
  <testcase classname="TestNG.Annotation_3" name="tc1" time="0.009"/>
  <system-out>
    <![CDATA[running tc1]]>
  </system-out>
  <testcase classname="TestNG.Annotation_3" name="tc2" time="0.002"/>
  <system-out>
    <![CDATA[running tc2]]>
  </system-out>
</testsuite> <!-- TestNG.Annotation_3 -->
