<?xml version="1.0" encoding="UTF-8"?>
<!-- Generated by org.testng.reporters.JUnitReportReporter -->
<testsuite hostname="SHUBHAM-PC" failures="0" tests="3" name="TestNG.Exa3_Keywords_enabledFalse" time="0.021" errors="0" timestamp="2023-06-11T01:26:19 PDT" skipped="1">
  <testcase classname="TestNG.Exa3_Keywords_enabledFalse" name="TC1" time="0.021"/>
  <system-out>
    <![CDATA[running Tc1]]>
  </system-out>
  <testcase classname="TestNG.Exa3_Keywords_enabledFalse" name="TC3" time="0.000"/>
  <system-out>
    <![CDATA[running Tc3]]>
  </system-out>
  <testcase classname="TestNG.Exa3_Keywords_enabledFalse" name="TC2">
    <skipped/>
  </testcase> <!-- TC2 -->
  <system-out/>
</testsuite> <!-- TestNG.Exa3_Keywords_enabledFalse -->
