<?xml version="1.0" encoding="UTF-8"?>
<!-- Generated by org.testng.reporters.JUnitReportReporter -->
<testsuite hostname="SHUBHAM-PC" failures="0" tests="1" name="TestNG.Exa6_Assertclass1_assertequals" time="0.031" errors="0" timestamp="2023-06-11T03:49:03 PDT" skipped="0">
  <testcase classname="TestNG.Exa6_Assertclass1_assertequals" name="Tc1" time="0.031"/>
  <system-out/>
</testsuite> <!-- TestNG.Exa6_Assertclass1_assertequals -->
