<?xml version="1.0" encoding="UTF-8"?>
<!-- Generated by org.testng.reporters.JUnitReportReporter -->
<testsuite hostname="SHUBHAM-PC" failures="0" tests="1" name="TestNG.Exa11_parellel_Execution2" time="27.132" errors="0" timestamp="2023-07-05T09:57:24 PDT" skipped="0">
  <testcase classname="TestNG.Exa11_parellel_Execution2" name="openFacebookApp" time="27.132"/>
  <system-out/>
</testsuite> <!-- TestNG.Exa11_parellel_Execution2 -->
