<?xml version="1.0" encoding="UTF-8"?>
<!-- Generated by org.testng.reporters.JUnitReportReporter -->
<testsuite hostname="SHUBHAM-PC" failures="0" tests="1" name="TestNG.Exa6_AssertClass2_assertNotEquals" time="0.016" errors="0" timestamp="2023-06-11T03:57:42 PDT" skipped="0">
  <testcase classname="TestNG.Exa6_AssertClass2_assertNotEquals" name="Tc3" time="0.016"/>
  <system-out/>
</testsuite> <!-- TestNG.Exa6_AssertClass2_assertNotEquals -->
