<?xml version="1.0" encoding="UTF-8"?>
<!-- Generated by org.testng.reporters.JUnitReportReporter -->
<testsuite hostname="SHUBHAM-PC" failures="0" tests="2" name="TestNG.exa8" time="0.016" errors="0" timestamp="2023-06-16T02:28:58 PDT" skipped="0">
  <testcase classname="TestNG.exa8" name="TC4" time="0.016"/>
  <system-out>
    <![CDATA[--running TC4--]]>
  </system-out>
  <testcase classname="TestNG.exa8" name="TC5" time="0.000"/>
  <system-out>
    <![CDATA[--running TC5--]]>
  </system-out>
</testsuite> <!-- TestNG.exa8 -->
