<?xml version="1.0" encoding="UTF-8"?>
<!-- Generated by org.testng.reporters.JUnitReportReporter -->
<testsuite hostname="SHUBHAM-PC" failures="0" tests="3" name="TestNG.TestSuite2" time="0.016" errors="0" timestamp="2023-06-16T01:42:33 PDT" skipped="0">
  <testcase classname="TestNG.TestSuite2" name="TC6" time="0.000"/>
  <system-out>
    <![CDATA[--running TC6--]]>
  </system-out>
  <testcase classname="TestNG.TestSuite2" name="TC5" time="0.000"/>
  <system-out>
    <![CDATA[--running TC5--]]>
  </system-out>
  <testcase classname="TestNG.TestSuite2" name="TC4" time="0.016"/>
  <system-out>
    <![CDATA[--running TC4--]]>
  </system-out>
</testsuite> <!-- TestNG.TestSuite2 -->
