<?xml version="1.0" encoding="UTF-8"?>
<!-- Generated by org.testng.reporters.JUnitReportReporter -->
<testsuite hostname="SHUBHAM-PC" failures="0" tests="3" name="TestNG.TestSuite" time="0.015" errors="0" timestamp="2023-06-16T01:42:33 PDT" skipped="0">
  <testcase classname="TestNG.TestSuite" name="TC2" time="0.000"/>
  <system-out>
    <![CDATA[--running TC2--]]>
  </system-out>
  <testcase classname="TestNG.TestSuite" name="TC3" time="0.015"/>
  <system-out>
    <![CDATA[--running TC3--]]>
  </system-out>
  <testcase classname="TestNG.TestSuite" name="TC1" time="0.000"/>
  <system-out>
    <![CDATA[--running TC1--]]>
  </system-out>
</testsuite> <!-- TestNG.TestSuite -->
