<?xml version="1.0" encoding="UTF-8"?>
<!-- Generated by org.testng.reporters.JUnitReportReporter -->
<testsuite hostname="SHUBHAM-PC" failures="0" tests="2" name="TestNG.Annotation_2" time="0.013" errors="0" timestamp="2023-06-07T04:15:23 PDT" skipped="0">
  <testcase classname="TestNG.Annotation_2" name="verifyFN" time="0.010"/>
  <system-out>
    <![CDATA[running verifyFN TC1]]>
  </system-out>
  <testcase classname="TestNG.Annotation_2" name="verifyFN2" time="0.003"/>
  <system-out>
    <![CDATA[running verifyFN2 TC2]]>
  </system-out>
</testsuite> <!-- TestNG.Annotation_2 -->
