<?xml version="1.0" encoding="UTF-8"?>
<!-- Generated by org.testng.reporters.JUnitReportReporter -->
<testsuite hostname="SHUBHAM-PC" failures="0" tests="3" name="TestNG.Exa4_Keywords_dependsOnMethods2" time="0.032" errors="0" timestamp="2023-06-11T01:35:23 PDT" skipped="0">
  <testcase classname="TestNG.Exa4_Keywords_dependsOnMethods2" name="login1" time="0.016"/>
  <system-out>
    <![CDATA[running tc login]]>
  </system-out>
  <testcase classname="TestNG.Exa4_Keywords_dependsOnMethods2" name="logout" time="0.016"/>
  <system-out>
    <![CDATA[running tc logout]]>
  </system-out>
  <testcase classname="TestNG.Exa4_Keywords_dependsOnMethods2" name="login2" time="0.000"/>
  <system-out>
    <![CDATA[running tc login]]>
  </system-out>
</testsuite> <!-- TestNG.Exa4_Keywords_dependsOnMethods2 -->
