<?xml version="1.0" encoding="UTF-8"?>
<!-- Generated by org.testng.reporters.JUnitReportReporter -->
<testsuite hostname="SHUBHAM-PC" failures="0" tests="1" name="POM_DDF_TESTNG_BASE_UTILITY_CLASS.Test_POM_DDF_TestNG" time="37.234" errors="0" timestamp="2023-06-20T01:42:40 PDT" skipped="0">
  <testcase classname="POM_DDF_TESTNG_BASE_UTILITY_CLASS.Test_POM_DDF_TestNG" name="VerifyFullName" time="37.234"/>
  <system-out/>
</testsuite> <!-- POM_DDF_TESTNG_BASE_UTILITY_CLASS.Test_POM_DDF_TestNG -->
