<?xml version="1.0" encoding="UTF-8"?>
<!-- Generated by org.testng.reporters.JUnitReportReporter -->
<testsuite hostname="SHUBHAM-PC" failures="0" tests="2" name="TestNG.Multibrowsertesting3" time="72.185" errors="0" timestamp="2023-07-05T10:17:04 PDT" skipped="0">
  <testcase classname="TestNG.Multibrowsertesting3" name="browserTesting" time="42.002"/>
  <system-out/>
  <testcase classname="TestNG.Multibrowsertesting3" name="browserTesting" time="30.183"/>
  <system-out/>
</testsuite> <!-- TestNG.Multibrowsertesting3 -->
