<?xml version="1.0" encoding="UTF-8"?>
<!-- Generated by org.testng.reporters.JUnitReportReporter -->
<testsuite hostname="SHUBHAM-PC" failures="0" tests="2" name="TestNG.Annotation_3" time="0.050" errors="0" timestamp="2023-06-26T10:55:07 PDT" skipped="0">
  <testcase classname="TestNG.Annotation_3" name="tc2" time="0.010"/>
  <system-out>
    <![CDATA[running tc2]]>
  </system-out>
  <testcase classname="TestNG.Annotation_3" name="tc1" time="0.040"/>
  <system-out>
    <![CDATA[running tc1]]>
  </system-out>
</testsuite> <!-- TestNG.Annotation_3 -->
