<?xml version="1.0" encoding="UTF-8"?>
<!-- Generated by org.testng.reporters.JUnitReportReporter -->
<testsuite hostname="SHUBHAM-PC" failures="0" tests="2" name="TestNG.Annotation" time="0.032" errors="0" timestamp="2023-06-07T04:05:32 PDT" skipped="0">
  <testcase classname="TestNG.Annotation" name="verifyFullName" time="0.013"/>
  <system-out>
    <![CDATA[running verify FN TC1]]>
  </system-out>
  <testcase classname="TestNG.Annotation" name="verifyFullName2" time="0.019"/>
  <system-out>
    <![CDATA[running verify FN TC2]]>
  </system-out>
</testsuite> <!-- TestNG.Annotation -->
