<?xml version="1.0" encoding="UTF-8"?>
<!-- Generated by org.testng.reporters.JUnitReportReporter -->
<testsuite hostname="SHUBHAM-PC" failures="0" tests="1" name="MixSection2.FontSize_And_Color_Of_Field" time="12.721" errors="0" timestamp="2023-06-19T05:52:26 PDT" skipped="0">
  <testcase classname="MixSection2.FontSize_And_Color_Of_Field" name="verifyFontAndColor" time="12.721"/>
  <system-out>
    <![CDATA[error msg====>This field cannot be left blank
Red in Color
size of the font is:12px
weight of the font is:400]]>
  </system-out>
</testsuite> <!-- MixSection2.FontSize_And_Color_Of_Field -->
