<?xml version="1.0" encoding="UTF-8"?>
<!-- Generated by org.testng.reporters.JUnitReportReporter -->
<testsuite hostname="SHUBHAM-PC" failures="0" tests="1" name="TestNG.Exa2" time="38.337" errors="0" timestamp="2023-06-06T03:41:59 PDT" skipped="0">
  <testcase classname="TestNG.Exa2" name="m2" time="38.337"/>
  <system-out/>
</testsuite> <!-- TestNG.Exa2 -->
