<?xml version="1.0" encoding="UTF-8"?>
<!-- Generated by org.testng.reporters.JUnitReportReporter -->
<testsuite hostname="SHUBHAM-PC" failures="0" tests="5" name="TestNG.Exa9_DisabledTestExecution_From_TestClass" time="0.031" errors="0" timestamp="2023-06-16T02:08:45 PDT" skipped="1">
  <testcase classname="TestNG.Exa9_DisabledTestExecution_From_TestClass" name="Tc1" time="0.015"/>
  <system-out>
    <![CDATA[running TC1]]>
  </system-out>
  <testcase classname="TestNG.Exa9_DisabledTestExecution_From_TestClass" name="Tc2" time="0.000"/>
  <system-out>
    <![CDATA[running TC2]]>
  </system-out>
  <testcase classname="TestNG.Exa9_DisabledTestExecution_From_TestClass" name="Tc5" time="0.000"/>
  <system-out>
    <![CDATA[running TC5]]>
  </system-out>
  <testcase classname="TestNG.Exa9_DisabledTestExecution_From_TestClass" name="Tc4" time="0.016"/>
  <system-out>
    <![CDATA[running TC4]]>
  </system-out>
  <testcase classname="TestNG.Exa9_DisabledTestExecution_From_TestClass" name="Tc3">
    <skipped/>
  </testcase> <!-- Tc3 -->
  <system-out/>
</testsuite> <!-- TestNG.Exa9_DisabledTestExecution_From_TestClass -->
